<?xml version="1.0" encoding="UTF-8"?>
<!-- Generated by org.testng.reporters.JUnitReportReporter -->
<testsuite skipped="0" hostname="LAPTOP-1COOQEG8" name="com.qa.test.LoginTest" tests="4" failures="0" timestamp="14 Dec 2019 12:56:49 GMT" time="8.917" errors="0">
  <testcase name="verifyTitle" time="0.059" classname="com.qa.test.LoginTest"/>
  <testcase name="menuclick" time="1.012" classname="com.qa.test.LoginTest"/>
  <testcase name="signin" time="1.536" classname="com.qa.test.LoginTest"/>
  <testcase name="login" time="6.310" classname="com.qa.test.LoginTest"/>
</testsuite> <!-- com.qa.test.LoginTest -->
