<?xml version="1.0" encoding="UTF-8"?>
<!-- Generated by org.testng.reporters.JUnitReportReporter -->
<testsuite skipped="0" hostname="LAPTOP-1COOQEG8" name="com.qa.test.HomePageTest" tests="1" failures="0" timestamp="15 Dec 2019 07:28:47 GMT" time="24.427" errors="0">
  <testcase name="clickonLink" time="24.427" classname="com.qa.test.HomePageTest"/>
</testsuite> <!-- com.qa.test.HomePageTest -->
