<?xml version="1.0" encoding="UTF-8"?>
<!-- Generated by org.testng.reporters.JUnitReportReporter -->
<testsuite skipped="0" hostname="LAPTOP-1COOQEG8" name="com.qa.test.LoginTest" tests="4" failures="0" timestamp="15 Dec 2019 07:28:47 GMT" time="8.948" errors="0">
  <testcase name="verifyTitle" time="0.039" classname="com.qa.test.LoginTest"/>
  <testcase name="menuclick" time="0.679" classname="com.qa.test.LoginTest"/>
  <testcase name="signin" time="1.853" classname="com.qa.test.LoginTest"/>
  <testcase name="login" time="6.377" classname="com.qa.test.LoginTest"/>
</testsuite> <!-- com.qa.test.LoginTest -->
